[debug] [2017-09-21T04:55:22.467Z] ----------------------------------------------------------------------
[debug] [2017-09-21T04:55:22.469Z] Command:       /usr/local/bin/node /usr/local/bin/firebase deploy
[debug] [2017-09-21T04:55:22.469Z] CLI Version:   3.12.0
[debug] [2017-09-21T04:55:22.470Z] Platform:      darwin
[debug] [2017-09-21T04:55:22.470Z] Node Version:  v6.11.2
[debug] [2017-09-21T04:55:22.470Z] Time:          Wed Sep 20 2017 22:55:22 GMT-0600 (MDT)
[debug] [2017-09-21T04:55:22.470Z] ----------------------------------------------------------------------
[debug] 
[debug] [2017-09-21T04:55:22.492Z] > command requires scopes: ["email","openid","https://www.googleapis.com/auth/cloudplatformprojects.readonly","https://www.googleapis.com/auth/firebase","https://www.googleapis.com/auth/cloud-platform"]
[debug] [2017-09-21T04:55:22.492Z] > authorizing via signed-in user
[debug] [2017-09-21T04:55:22.494Z] > refreshing access token with scopes: ["email","https://www.googleapis.com/auth/cloud-platform","https://www.googleapis.com/auth/cloudplatformprojects.readonly","https://www.googleapis.com/auth/firebase","openid"]
[debug] [2017-09-21T04:55:22.495Z] >>> HTTP REQUEST POST https://www.googleapis.com/oauth2/v3/token { refresh_token: '1/fgrtlrvV-9AnA-GOTmXWKAFu2vU3XYZUkMiMEza_Q54',
  client_id: '563584335869-fgrhgmd47bqnekij5i8b5pr03ho849e6.apps.googleusercontent.com',
  client_secret: 'j9iVZfS8kkCEFUPaAeJV0sAi',
  grant_type: 'refresh_token',
  scope: 'email https://www.googleapis.com/auth/cloud-platform https://www.googleapis.com/auth/cloudplatformprojects.readonly https://www.googleapis.com/auth/firebase openid' } 
 Wed Sep 20 2017 22:55:22 GMT-0600 (MDT)
[debug] [2017-09-21T04:55:22.823Z] <<< HTTP RESPONSE 200
[debug] [2017-09-21T04:55:22.837Z] >>> HTTP REQUEST GET https://admin.firebase.com/v1/projects/brunch-mobile-app  
 Wed Sep 20 2017 22:55:22 GMT-0600 (MDT)
[debug] [2017-09-21T04:55:23.382Z] <<< HTTP RESPONSE 200
[debug] [2017-09-21T04:55:23.385Z] >>> HTTP REQUEST GET https://admin.firebase.com/v1/database/brunch-mobile-app/tokens  
 Wed Sep 20 2017 22:55:23 GMT-0600 (MDT)
[debug] [2017-09-21T04:55:24.078Z] <<< HTTP RESPONSE 200
[info] 
[info] === Deploying to 'brunch-mobile-app'...
[info] 
[info] i  deploying hosting
[info] i  hosting: preparing public directory for upload...
[debug] [2017-09-21T04:55:25.156Z] >>> HTTP REQUEST PUT https://deploy.firebase.com/v1/hosting/brunch-mobile-app/uploads/-KuXm_hZxbvbJOTHl6lZ?fileCount=49&message=  
 Wed Sep 20 2017 22:55:25 GMT-0600 (MDT)
